!SESSION 2020-12-23 14:12:06.374 -----------------------------------------------
eclipse.buildId=4.18.0.I20201202-1800
java.version=15.0.1
java.vendor=Oracle Corporation
BootLoader constants: OS=macosx, ARCH=x86_64, WS=cocoa, NL=ko_KR
Framework arguments:  -product org.eclipse.epp.package.jee.product -keyring /Users/corner/.eclipse_keyring
Command-line arguments:  -os macosx -ws cocoa -arch x86_64 -product org.eclipse.epp.package.jee.product -keyring /Users/corner/.eclipse_keyring

!ENTRY org.eclipse.osgi 4 0 2020-12-23 14:12:10.360
!MESSAGE Application error
!STACK 1
org.eclipse.swt.SWTException: Device is disposed
	at org.eclipse.swt.SWT.error(SWT.java:4875)
	at org.eclipse.swt.SWT.error(SWT.java:4790)
	at org.eclipse.swt.SWT.error(SWT.java:4761)
	at org.eclipse.swt.widgets.Display.error(Display.java:1103)
	at org.eclipse.swt.widgets.Display.checkDevice(Display.java:645)
	at org.eclipse.swt.widgets.Display.getData(Display.java:1468)
	at org.eclipse.ui.internal.WorkbenchPlugin.unsetSplashShell(WorkbenchPlugin.java:1215)
	at org.eclipse.ui.internal.ide.application.IDEApplication.start(IDEApplication.java:144)
	at org.eclipse.equinox.internal.app.EclipseAppHandle.run(EclipseAppHandle.java:203)
	at org.eclipse.core.runtime.internal.adaptor.EclipseAppLauncher.runApplication(EclipseAppLauncher.java:134)
	at org.eclipse.core.runtime.internal.adaptor.EclipseAppLauncher.start(EclipseAppLauncher.java:104)
	at org.eclipse.core.runtime.adaptor.EclipseStarter.run(EclipseStarter.java:401)
	at org.eclipse.core.runtime.adaptor.EclipseStarter.run(EclipseStarter.java:255)
	at java.base/jdk.internal.reflect.NativeMethodAccessorImpl.invoke0(Native Method)
	at java.base/jdk.internal.reflect.NativeMethodAccessorImpl.invoke(NativeMethodAccessorImpl.java:64)
	at java.base/jdk.internal.reflect.DelegatingMethodAccessorImpl.invoke(DelegatingMethodAccessorImpl.java:43)
	at java.base/java.lang.reflect.Method.invoke(Method.java:564)
	at org.eclipse.equinox.launcher.Main.invokeFramework(Main.java:653)
	at org.eclipse.equinox.launcher.Main.basicRun(Main.java:590)
	at org.eclipse.equinox.launcher.Main.run(Main.java:1461)
