!SESSION 2021-02-17 23:48:02.028 -----------------------------------------------
eclipse.buildId=4.18.0.I20201202-1800
java.version=15.0.1
java.vendor=Oracle Corporation
BootLoader constants: OS=macosx, ARCH=x86_64, WS=cocoa, NL=ko_KR
Framework arguments:  -product org.eclipse.epp.package.jee.product -keyring /Users/corner/.eclipse_keyring
Command-line arguments:  -os macosx -ws cocoa -arch x86_64 -product org.eclipse.epp.package.jee.product -keyring /Users/corner/.eclipse_keyring

!ENTRY org.eclipse.osgi 4 0 2021-02-17 23:48:37.193
!MESSAGE Application error
!STACK 1
org.eclipse.core.runtime.AssertionFailedException: null argument:The dialog should be created in UI thread
	at org.eclipse.core.runtime.Assert.isNotNull(Assert.java:88)
	at org.eclipse.jface.dialogs.IconAndMessageDialog.getSWTImage(IconAndMessageDialog.java:288)
	at org.eclipse.jface.dialogs.IconAndMessageDialog.getErrorImage(IconAndMessageDialog.java:239)
	at org.eclipse.jface.dialogs.MessageDialog.init(MessageDialog.java:239)
	at org.eclipse.jface.dialogs.MessageDialog.<init>(MessageDialog.java:228)
	at org.eclipse.jface.dialogs.MessageDialog.open(MessageDialog.java:391)
	at org.eclipse.jface.dialogs.MessageDialog.openError(MessageDialog.java:480)
	at org.eclipse.ui.internal.ide.application.IDEApplication.checkInstanceLocation(IDEApplication.java:327)
	at org.eclipse.ui.internal.ide.application.IDEApplication.start(IDEApplication.java:142)
	at org.eclipse.equinox.internal.app.EclipseAppHandle.run(EclipseAppHandle.java:203)
	at org.eclipse.core.runtime.internal.adaptor.EclipseAppLauncher.runApplication(EclipseAppLauncher.java:134)
	at org.eclipse.core.runtime.internal.adaptor.EclipseAppLauncher.start(EclipseAppLauncher.java:104)
	at org.eclipse.core.runtime.adaptor.EclipseStarter.run(EclipseStarter.java:401)
	at org.eclipse.core.runtime.adaptor.EclipseStarter.run(EclipseStarter.java:255)
	at java.base/jdk.internal.reflect.NativeMethodAccessorImpl.invoke0(Native Method)
	at java.base/jdk.internal.reflect.NativeMethodAccessorImpl.invoke(NativeMethodAccessorImpl.java:64)
	at java.base/jdk.internal.reflect.DelegatingMethodAccessorImpl.invoke(DelegatingMethodAccessorImpl.java:43)
	at java.base/java.lang.reflect.Method.invoke(Method.java:564)
	at org.eclipse.equinox.launcher.Main.invokeFramework(Main.java:653)
	at org.eclipse.equinox.launcher.Main.basicRun(Main.java:590)
	at org.eclipse.equinox.launcher.Main.run(Main.java:1461)
